<?xml version="1.0" encoding="UTF-8"?>
<!-- Generated by org.testng.reporters.JUnitReportReporter -->
<testsuite hostname="LAPTOP-84TECONN" failures="0" tests="1" name="com.qa.testscripts.TC_201_HotelBooking" time="10.825" errors="0" timestamp="2021-01-18T09:55:56 IST" skipped="0">
  <testcase classname="com.qa.testscripts.TC_201_HotelBooking" name="TC_201_1" time="10.825"/>
  <system-out/>
</testsuite> <!-- com.qa.testscripts.TC_201_HotelBooking -->
